2025-09-03 02:48:26,799 - devlog - ERROR - _log:129 - Failed to post to Discord: 400
2025-09-03 02:48:26,800 - devlog - INFO - _log:129 - Devlog entry created: MULTI-TASK COORDINATION INITIATIVE ACTIVATED - ALL AGENTS ASSIGNED COMPREHENSIVE TASKS
2025-09-03 03:36:48,556 - devlog - INFO - _log:129 - Devlog posted to Discord successfully
2025-09-03 03:36:48,559 - devlog - INFO - _log:129 - Devlog entry created: REPORTS DIRECTORY CLEANUP MISSION ACTIVATED - 198 Reports Consolidation Plan
2025-09-03 04:05:57,854 - devlog - INFO - _log:129 - Devlog posted to Discord successfully
2025-09-03 04:05:57,857 - devlog - INFO - _log:129 - Devlog entry created: Inbox Message Delivery to Agent-Test
2025-09-03 04:11:56,708 - devlog - INFO - _log:129 - Devlog posted to Discord successfully
2025-09-03 04:11:56,708 - devlog - INFO - _log:129 - Devlog entry created: Inbox Message Delivery to Agent-Test
2025-09-03 04:12:30,727 - devlog - INFO - _log:129 - Devlog posted to Discord successfully
2025-09-03 04:12:30,728 - devlog - INFO - _log:129 - Devlog entry created: Inbox Message Delivery to Agent-Test
2025-09-03 04:14:15,804 - devlog - INFO - _log:129 - Devlog posted to Discord successfully
2025-09-03 04:14:15,805 - devlog - INFO - _log:129 - Devlog entry created: Inbox Message Delivery to Invalid-Agent
2025-09-03 04:15:17,978 - devlog - INFO - _log:129 - Devlog posted to Discord successfully
2025-09-03 04:15:17,979 - devlog - INFO - _log:129 - Devlog entry created: Inbox Message Delivery to Agent-Test
2025-09-03 04:17:12,800 - devlog - INFO - _log:129 - Devlog posted to Discord successfully
2025-09-03 04:17:12,843 - devlog - INFO - _log:129 - Devlog entry created: VIOLATION ELIMINATION COMPLETE - 100% System Compliance Achieved
2025-09-03 04:17:43,785 - devlog - INFO - _log:129 - Devlog posted to Discord successfully
2025-09-03 04:17:43,785 - devlog - INFO - _log:129 - Devlog entry created: Inbox Message Delivery to Agent-Test
2025-09-03 04:20:20,726 - devlog - INFO - _log:129 - Devlog posted to Discord successfully
2025-09-03 04:20:20,727 - devlog - INFO - _log:129 - Devlog entry created: Inbox Message Delivery to Agent-Test
2025-09-03 04:20:21,535 - devlog - INFO - _log:129 - Devlog posted to Discord successfully
2025-09-03 04:20:21,538 - devlog - INFO - _log:129 - Devlog entry created: REVOLUTIONARY BREAKTHROUGH - Test Orchestrator Refactored (631 lines → 48 lines)
2025-09-03 04:21:37,052 - devlog - INFO - _log:129 - Devlog posted to Discord successfully
2025-09-03 04:21:37,052 - devlog - INFO - _log:129 - Devlog entry created: Inbox Message Delivery to Agent-Test
2025-09-03 04:22:16,725 - devlog - INFO - _log:129 - Devlog posted to Discord successfully
2025-09-03 04:22:16,726 - devlog - INFO - _log:129 - Devlog entry created: Inbox Message Delivery to Agent-Test
2025-09-03 04:24:31,081 - devlog - INFO - _log:129 - Devlog posted to Discord successfully
2025-09-03 04:24:31,082 - devlog - INFO - _log:129 - Devlog entry created: Inbox Message Delivery to Agent-Test
2025-09-03 04:25:33,271 - devlog - INFO - _log:129 - Devlog posted to Discord successfully
2025-09-03 04:25:33,272 - devlog - INFO - _log:129 - Devlog entry created: Inbox Message Delivery to Agent-Test
2025-09-03 04:27:00,473 - devlog - INFO - _log:129 - Devlog posted to Discord successfully
2025-09-03 04:27:00,474 - devlog - INFO - _log:129 - Devlog entry created: Inbox Message Delivery to Invalid-Agent
2025-09-03 04:27:06,876 - devlog - INFO - _log:129 - Devlog posted to Discord successfully
2025-09-03 04:27:06,877 - devlog - INFO - _log:129 - Devlog entry created: Inbox Message Delivery to Agent-Test
2025-09-03 04:27:06,900 - devlog - INFO - _log:129 - Devlog posted to Discord successfully
2025-09-03 04:27:06,900 - devlog - INFO - _log:129 - Devlog entry created: Inbox Message Delivery to Agent-Test
2025-09-03 04:27:07,236 - devlog - INFO - _log:129 - Devlog posted to Discord successfully
2025-09-03 04:27:07,237 - devlog - INFO - _log:129 - Devlog entry created: Inbox Message Delivery to Agent-Test
2025-09-03 04:27:07,249 - devlog - INFO - _log:129 - Devlog posted to Discord successfully
2025-09-03 04:27:07,249 - devlog - INFO - _log:129 - Devlog entry created: Inbox Message Delivery to Agent-Test
2025-09-03 04:27:07,460 - devlog - INFO - _log:129 - Devlog posted to Discord successfully
2025-09-03 04:27:07,460 - devlog - INFO - _log:129 - Devlog entry created: Inbox Message Delivery to Agent-Test
2025-09-03 04:27:48,553 - devlog - INFO - _log:129 - Devlog posted to Discord successfully
2025-09-03 04:27:48,554 - devlog - INFO - _log:129 - Devlog entry created: Agent-5 Comprehensive Violation Elimination Progress
2025-09-03 04:28:11,037 - devlog - INFO - _log:129 - Devlog posted to Discord successfully
2025-09-03 04:28:11,038 - devlog - INFO - _log:129 - Devlog entry created: Inbox Message Delivery to Agent-Test
2025-09-03 04:28:43,717 - devlog - INFO - _log:129 - Devlog posted to Discord successfully
2025-09-03 04:28:43,717 - devlog - INFO - _log:129 - Devlog entry created: Inbox Message Delivery to Agent-Test
2025-09-03 04:29:45,810 - devlog - INFO - _log:129 - Devlog posted to Discord successfully
2025-09-03 04:29:45,811 - devlog - INFO - _log:129 - Devlog entry created: Agent-5 MAJOR VIOLATION ELIMINATION BREAKTHROUGH
2025-09-03 05:02:19,907 - devlog - INFO - _log:129 - Devlog posted to Discord successfully
2025-09-03 05:02:19,907 - devlog - INFO - _log:129 - Devlog entry created: TEST MESSAGE - DEVLOG SYSTEM CHECK
2025-09-03 05:07:40,042 - devlog - INFO - _log:129 - Devlog posted to Discord successfully
2025-09-03 05:07:40,084 - devlog - INFO - _log:129 - Devlog entry created: CAPTAIN OPERATIONAL LOG RESTORED - FULL SWARM STATUS UPDATE
2025-09-03 05:10:47,897 - devlog - INFO - _log:129 - Devlog posted to Discord successfully
2025-09-03 05:10:47,898 - devlog - INFO - _log:129 - Devlog entry created: REVOLUTIONARY BREAKTHROUGH - Gaming Performance Integration System Refactored (470 lines → 121 lines)
2025-09-03 05:30:19,787 - devlog - INFO - _log:129 - Devlog posted to Discord successfully
2025-09-03 05:30:19,793 - devlog - INFO - _log:129 - Devlog entry created: REVOLUTIONARY BREAKTHROUGH - Gaming Performance Validator Integration Refactored (449 lines → 48 lines)
2025-09-03 05:33:37,398 - devlog - INFO - _log:129 - Devlog posted to Discord successfully
2025-09-03 05:33:37,401 - devlog - INFO - _log:129 - Devlog entry created: Agent-5 Zero Violation Progress Update
2025-09-03 05:42:44,121 - devlog - INFO - _log:129 - Devlog posted to Discord successfully
2025-09-03 05:42:44,123 - devlog - INFO - _log:129 - Devlog entry created: Dream.OS Swarm Standardization - Python Coding Standard Updated to 400 LOC
2025-09-03 05:52:31,284 - devlog - INFO - _log:129 - Devlog posted to Discord successfully
2025-09-03 05:52:31,308 - devlog - INFO - _log:129 - Devlog entry created: Agent-5 MAJOR VIOLATION ELIMINATION BREAKTHROUGH ACHIEVED
2025-09-03 05:59:25,399 - devlog - INFO - _log:129 - Devlog posted to Discord successfully
2025-09-03 05:59:25,426 - devlog - INFO - _log:129 - Devlog entry created: Pytest Debug Test
2025-09-03 05:59:28,766 - devlog - INFO - _log:129 - Devlog posted to Discord successfully
2025-09-03 05:59:28,768 - devlog - INFO - _log:129 - Devlog entry created: Agent-5 CONTINUED VIOLATION ELIMINATION PROGRESS
2025-09-03 06:00:08,386 - devlog - INFO - _log:129 - Devlog posted to Discord successfully
2025-09-03 06:00:08,388 - devlog - INFO - _log:129 - Devlog entry created: VECTOR DATABASE CONSOLIDATION COMPLETE
2025-09-03 06:09:24,344 - devlog - INFO - _log:129 - Devlog posted to Discord successfully
2025-09-03 06:09:24,347 - devlog - INFO - _log:129 - Devlog entry created: Agent-5 PHASE 6 INTEGRATION TESTING READINESS ACHIEVED
2025-09-03 06:24:19,692 - devlog - INFO - _log:129 - Devlog posted to Discord successfully
2025-09-03 06:24:19,705 - devlog - INFO - _log:129 - Devlog entry created: Inbox Message Delivery to Invalid-Agent
2025-09-03 06:26:01,009 - devlog - INFO - _log:129 - Devlog posted to Discord successfully
2025-09-03 06:26:01,012 - devlog - INFO - _log:129 - Devlog entry created: Inbox Message Delivery to Invalid-Agent
2025-09-03 06:28:54,552 - devlog - INFO - _log:129 - Devlog posted to Discord successfully
2025-09-03 06:28:54,572 - devlog - INFO - _log:129 - Devlog entry created: Inbox Message Delivery to Invalid-Agent
2025-09-03 06:36:33,205 - devlog - INFO - _log:129 - Devlog posted to Discord successfully
2025-09-03 06:36:33,206 - devlog - INFO - _log:129 - Devlog entry created: Inbox Message Delivery to Invalid-Agent
2025-09-03 06:36:33,437 - devlog - INFO - _log:129 - Devlog posted to Discord successfully
2025-09-03 06:36:33,437 - devlog - INFO - _log:129 - Devlog entry created: Inbox Message Delivery to Agent-2
2025-09-03 06:36:33,800 - devlog - INFO - _log:129 - Devlog posted to Discord successfully
2025-09-03 06:36:33,801 - devlog - INFO - _log:129 - Devlog entry created: Inbox Message Delivery to Agent-2
2025-09-03 06:36:36,100 - devlog - ERROR - _log:129 - Failed to save devlog to file: Expecting value: line 1 column 1 (char 0)
2025-09-03 06:36:36,100 - devlog - ERROR - _log:129 - Failed to save devlog to file: Expecting value: line 1 column 1 (char 0)
2025-09-03 06:36:36,100 - devlog - ERROR - _log:129 - Failed to save devlog to file: Expecting value: line 1 column 1 (char 0)
2025-09-03 06:36:36,102 - devlog - ERROR - _log:129 - Failed to save devlog to file: Expecting value: line 1 column 1 (char 0)
2025-09-03 06:36:36,100 - devlog - ERROR - _log:129 - Failed to save devlog to file: Expecting value: line 1 column 1 (char 0)
2025-09-03 06:36:36,102 - devlog - ERROR - _log:129 - Failed to save devlog to file: Expecting value: line 1 column 1 (char 0)
2025-09-03 06:36:36,102 - devlog - ERROR - _log:129 - Failed to save devlog to file: Expecting value: line 1 column 1 (char 0)
2025-09-03 06:36:36,104 - devlog - ERROR - _log:129 - Failed to save devlog to file: Expecting value: line 1 column 1 (char 0)
2025-09-03 06:36:36,113 - devlog - ERROR - _log:129 - Failed to save devlog to file: Expecting value: line 17 column 16 (char 6630)
2025-09-03 06:36:36,102 - devlog - ERROR - _log:129 - Failed to save devlog to file: Expecting value: line 1 column 1 (char 0)
2025-09-03 06:36:36,104 - devlog - ERROR - _log:129 - Failed to save devlog to file: Expecting value: line 1 column 1 (char 0)
2025-09-03 06:36:36,113 - devlog - ERROR - _log:129 - Failed to save devlog to file: Expecting value: line 17 column 16 (char 6630)
2025-09-03 06:36:36,306 - devlog - ERROR - _log:129 - Failed to post to Discord: 429
2025-09-03 06:36:36,306 - devlog - ERROR - _log:129 - Failed to post to Discord: 429
2025-09-03 06:36:36,309 - devlog - ERROR - _log:129 - Failed to post to Discord: 429
2025-09-03 06:36:36,309 - devlog - ERROR - _log:129 - Failed to post to Discord: 429
2025-09-03 06:36:36,311 - devlog - ERROR - _log:129 - Failed to post to Discord: 429
2025-09-03 06:36:36,311 - devlog - ERROR - _log:129 - Failed to post to Discord: 429
2025-09-03 06:36:36,313 - devlog - ERROR - _log:129 - Failed to post to Discord: 429
2025-09-03 06:36:36,313 - devlog - ERROR - _log:129 - Failed to post to Discord: 429
2025-09-03 06:36:36,316 - devlog - ERROR - _log:129 - Failed to post to Discord: 429
2025-09-03 06:36:36,316 - devlog - ERROR - _log:129 - Failed to post to Discord: 429
2025-09-03 06:36:36,316 - devlog - INFO - _log:129 - Devlog entry created: Inbox Message Delivery to Agent-2
2025-09-03 06:36:36,316 - devlog - INFO - _log:129 - Devlog entry created: Inbox Message Delivery to Agent-2
2025-09-03 06:36:36,317 - devlog - INFO - _log:129 - Devlog entry created: Inbox Message Delivery to Agent-2
2025-09-03 06:36:36,317 - devlog - INFO - _log:129 - Devlog entry created: Inbox Message Delivery to Agent-2
2025-09-03 06:36:36,318 - devlog - INFO - _log:129 - Devlog entry created: Inbox Message Delivery to Agent-2
2025-09-03 06:36:36,318 - devlog - INFO - _log:129 - Devlog entry created: Inbox Message Delivery to Agent-2
2025-09-03 06:36:36,319 - devlog - INFO - _log:129 - Devlog entry created: Inbox Message Delivery to Agent-2
2025-09-03 06:36:36,319 - devlog - INFO - _log:129 - Devlog entry created: Inbox Message Delivery to Agent-2
2025-09-03 06:36:36,319 - devlog - INFO - _log:129 - Devlog entry created: Inbox Message Delivery to Agent-2
2025-09-03 06:36:36,319 - devlog - INFO - _log:129 - Devlog entry created: Inbox Message Delivery to Agent-2
2025-09-03 06:36:36,352 - devlog - INFO - _log:129 - Devlog posted to Discord successfully
2025-09-03 06:36:36,352 - devlog - INFO - _log:129 - Devlog posted to Discord successfully
2025-09-03 06:36:36,353 - devlog - INFO - _log:129 - Devlog entry created: Inbox Message Delivery to Agent-2
2025-09-03 06:36:36,353 - devlog - INFO - _log:129 - Devlog entry created: Inbox Message Delivery to Agent-2
2025-09-03 06:36:36,408 - devlog - INFO - _log:129 - Devlog posted to Discord successfully
2025-09-03 06:36:36,408 - devlog - INFO - _log:129 - Devlog posted to Discord successfully
2025-09-03 06:36:36,408 - devlog - INFO - _log:129 - Devlog entry created: Inbox Message Delivery to Agent-2
2025-09-03 06:36:36,408 - devlog - INFO - _log:129 - Devlog entry created: Inbox Message Delivery to Agent-2
2025-09-03 06:36:36,411 - devlog - INFO - _log:129 - Devlog posted to Discord successfully
2025-09-03 06:36:36,411 - devlog - INFO - _log:129 - Devlog posted to Discord successfully
2025-09-03 06:36:36,413 - devlog - INFO - _log:129 - Devlog entry created: Inbox Message Delivery to Agent-2
2025-09-03 06:36:36,413 - devlog - INFO - _log:129 - Devlog entry created: Inbox Message Delivery to Agent-2
2025-09-03 06:36:36,441 - devlog - INFO - _log:129 - Devlog posted to Discord successfully
2025-09-03 06:36:36,441 - devlog - INFO - _log:129 - Devlog posted to Discord successfully
2025-09-03 06:36:36,442 - devlog - INFO - _log:129 - Devlog entry created: Inbox Message Delivery to Agent-2
2025-09-03 06:36:36,442 - devlog - INFO - _log:129 - Devlog entry created: Inbox Message Delivery to Agent-2
2025-09-03 06:36:36,521 - devlog - INFO - _log:129 - Devlog posted to Discord successfully
2025-09-03 06:36:36,521 - devlog - INFO - _log:129 - Devlog posted to Discord successfully
2025-09-03 06:36:36,521 - devlog - INFO - _log:129 - Devlog entry created: Inbox Message Delivery to Agent-2
2025-09-03 06:36:36,521 - devlog - INFO - _log:129 - Devlog entry created: Inbox Message Delivery to Agent-2
2025-09-03 06:36:38,114 - devlog - INFO - _log:129 - Devlog posted to Discord successfully
2025-09-03 06:36:38,116 - devlog - INFO - _log:129 - Devlog entry created: Inbox Message Delivery to Agent-2
2025-09-03 06:36:38,871 - devlog - INFO - _log:129 - Devlog posted to Discord successfully
2025-09-03 06:36:38,872 - devlog - INFO - _log:129 - Devlog entry created: Inbox Message Delivery to Agent-2
2025-09-03 06:36:42,457 - devlog - INFO - _log:129 - Devlog posted to Discord successfully
2025-09-03 06:36:42,458 - devlog - INFO - _log:129 - Devlog entry created: Inbox Message Delivery to Agent-2
2025-09-03 06:36:42,877 - devlog - INFO - _log:129 - Devlog posted to Discord successfully
2025-09-03 06:36:42,878 - devlog - INFO - _log:129 - Devlog entry created: Inbox Message Delivery to Invalid-Agent
2025-09-03 06:36:45,808 - devlog - INFO - _log:129 - Devlog posted to Discord successfully
2025-09-03 06:36:45,809 - devlog - INFO - _log:129 - Devlog entry created: Inbox Message Delivery to Agent-2
2025-09-03 06:54:22,110 - devlog - ERROR - _log:129 - Failed to save devlog to file: Expecting value: line 1 column 1 (char 0)
2025-09-03 06:54:22,110 - devlog - ERROR - _log:129 - Failed to save devlog to file: Expecting value: line 1 column 1 (char 0)
2025-09-03 06:54:22,110 - devlog - ERROR - _log:129 - Failed to save devlog to file: Expecting value: line 1 column 1 (char 0)
2025-09-03 06:54:22,110 - devlog - ERROR - _log:129 - Failed to save devlog to file: Expecting value: line 1 column 1 (char 0)
2025-09-03 06:54:22,110 - devlog - ERROR - _log:129 - Failed to save devlog to file: Expecting value: line 1 column 1 (char 0)
2025-09-03 06:54:22,110 - devlog - ERROR - _log:129 - Failed to save devlog to file: Expecting value: line 1 column 1 (char 0)
2025-09-03 06:54:22,110 - devlog - ERROR - _log:129 - Failed to save devlog to file: Expecting value: line 1 column 1 (char 0)
2025-09-03 06:54:22,110 - devlog - ERROR - _log:129 - Failed to save devlog to file: Expecting value: line 1 column 1 (char 0)
2025-09-03 06:54:22,110 - devlog - ERROR - _log:129 - Failed to save devlog to file: Expecting value: line 1 column 1 (char 0)
2025-09-03 06:54:22,136 - devlog - ERROR - _log:129 - Failed to save devlog to file: Expecting value: line 1 column 1 (char 0)
2025-09-03 06:54:22,136 - devlog - ERROR - _log:129 - Failed to save devlog to file: Expecting value: line 1 column 1 (char 0)
2025-09-03 06:54:22,136 - devlog - ERROR - _log:129 - Failed to save devlog to file: Expecting value: line 1 column 1 (char 0)
2025-09-03 06:54:22,136 - devlog - ERROR - _log:129 - Failed to save devlog to file: Expecting value: line 1 column 1 (char 0)
2025-09-03 06:54:22,136 - devlog - ERROR - _log:129 - Failed to save devlog to file: Expecting value: line 1 column 1 (char 0)
2025-09-03 06:54:22,136 - devlog - ERROR - _log:129 - Failed to save devlog to file: Expecting value: line 1 column 1 (char 0)
2025-09-03 06:54:22,136 - devlog - ERROR - _log:129 - Failed to save devlog to file: Expecting value: line 1 column 1 (char 0)
2025-09-03 06:54:22,136 - devlog - ERROR - _log:129 - Failed to save devlog to file: Expecting value: line 1 column 1 (char 0)
2025-09-03 06:54:22,136 - devlog - ERROR - _log:129 - Failed to save devlog to file: Expecting value: line 1 column 1 (char 0)
2025-09-03 06:54:22,152 - devlog - ERROR - _log:129 - Failed to save devlog to file: Unterminated string starting at: line 124 column 5 (char 14715)
2025-09-03 06:54:22,152 - devlog - ERROR - _log:129 - Failed to save devlog to file: Unterminated string starting at: line 124 column 5 (char 14715)
2025-09-03 06:54:22,152 - devlog - ERROR - _log:129 - Failed to save devlog to file: Unterminated string starting at: line 124 column 5 (char 14715)
2025-09-03 06:54:22,154 - devlog - ERROR - _log:129 - Failed to save devlog to file: Unterminated string starting at: line 269 column 16 (char 22749)
2025-09-03 06:54:22,154 - devlog - ERROR - _log:129 - Failed to save devlog to file: Unterminated string starting at: line 269 column 16 (char 22749)
2025-09-03 06:54:22,154 - devlog - ERROR - _log:129 - Failed to save devlog to file: Unterminated string starting at: line 269 column 16 (char 22749)
2025-09-03 06:54:22,152 - devlog - ERROR - _log:129 - Failed to save devlog to file: Unterminated string starting at: line 124 column 5 (char 14715)
2025-09-03 06:54:22,152 - devlog - ERROR - _log:129 - Failed to save devlog to file: Unterminated string starting at: line 124 column 5 (char 14715)
2025-09-03 06:54:22,154 - devlog - ERROR - _log:129 - Failed to save devlog to file: Unterminated string starting at: line 269 column 16 (char 22749)
2025-09-03 06:54:22,152 - devlog - ERROR - _log:129 - Failed to save devlog to file: Unterminated string starting at: line 124 column 5 (char 14715)
2025-09-03 06:54:22,152 - devlog - ERROR - _log:129 - Failed to save devlog to file: Unterminated string starting at: line 124 column 5 (char 14715)
2025-09-03 06:54:22,154 - devlog - ERROR - _log:129 - Failed to save devlog to file: Unterminated string starting at: line 269 column 16 (char 22749)
2025-09-03 06:54:22,152 - devlog - ERROR - _log:129 - Failed to save devlog to file: Unterminated string starting at: line 124 column 5 (char 14715)
2025-09-03 06:54:22,154 - devlog - ERROR - _log:129 - Failed to save devlog to file: Unterminated string starting at: line 269 column 16 (char 22749)
2025-09-03 06:54:22,152 - devlog - ERROR - _log:129 - Failed to save devlog to file: Unterminated string starting at: line 124 column 5 (char 14715)
2025-09-03 06:54:22,154 - devlog - ERROR - _log:129 - Failed to save devlog to file: Unterminated string starting at: line 269 column 16 (char 22749)
2025-09-03 06:54:22,154 - devlog - ERROR - _log:129 - Failed to save devlog to file: Unterminated string starting at: line 269 column 16 (char 22749)
2025-09-03 06:54:22,154 - devlog - ERROR - _log:129 - Failed to save devlog to file: Unterminated string starting at: line 269 column 16 (char 22749)
2025-09-03 06:54:22,323 - devlog - ERROR - _log:129 - Failed to post to Discord: 429
2025-09-03 06:54:22,323 - devlog - ERROR - _log:129 - Failed to post to Discord: 429
2025-09-03 06:54:22,323 - devlog - ERROR - _log:129 - Failed to post to Discord: 429
2025-09-03 06:54:22,323 - devlog - ERROR - _log:129 - Failed to post to Discord: 429
2025-09-03 06:54:22,323 - devlog - ERROR - _log:129 - Failed to post to Discord: 429
2025-09-03 06:54:22,323 - devlog - ERROR - _log:129 - Failed to post to Discord: 429
2025-09-03 06:54:22,323 - devlog - ERROR - _log:129 - Failed to post to Discord: 429
2025-09-03 06:54:22,323 - devlog - ERROR - _log:129 - Failed to post to Discord: 429
2025-09-03 06:54:22,323 - devlog - ERROR - _log:129 - Failed to post to Discord: 429
2025-09-03 06:54:22,324 - devlog - INFO - _log:129 - Devlog entry created: Inbox Message Delivery to Agent-2
2025-09-03 06:54:22,324 - devlog - INFO - _log:129 - Devlog entry created: Inbox Message Delivery to Agent-2
2025-09-03 06:54:22,324 - devlog - INFO - _log:129 - Devlog entry created: Inbox Message Delivery to Agent-2
2025-09-03 06:54:22,324 - devlog - INFO - _log:129 - Devlog entry created: Inbox Message Delivery to Agent-2
2025-09-03 06:54:22,324 - devlog - INFO - _log:129 - Devlog entry created: Inbox Message Delivery to Agent-2
2025-09-03 06:54:22,324 - devlog - INFO - _log:129 - Devlog entry created: Inbox Message Delivery to Agent-2
2025-09-03 06:54:22,324 - devlog - INFO - _log:129 - Devlog entry created: Inbox Message Delivery to Agent-2
2025-09-03 06:54:22,324 - devlog - INFO - _log:129 - Devlog entry created: Inbox Message Delivery to Agent-2
2025-09-03 06:54:22,324 - devlog - INFO - _log:129 - Devlog entry created: Inbox Message Delivery to Agent-2
2025-09-03 06:54:22,329 - devlog - ERROR - _log:129 - Failed to post to Discord: 429
2025-09-03 06:54:22,329 - devlog - ERROR - _log:129 - Failed to post to Discord: 429
2025-09-03 06:54:22,329 - devlog - ERROR - _log:129 - Failed to post to Discord: 429
2025-09-03 06:54:22,329 - devlog - ERROR - _log:129 - Failed to post to Discord: 429
2025-09-03 06:54:22,329 - devlog - ERROR - _log:129 - Failed to post to Discord: 429
2025-09-03 06:54:22,329 - devlog - ERROR - _log:129 - Failed to post to Discord: 429
2025-09-03 06:54:22,329 - devlog - ERROR - _log:129 - Failed to post to Discord: 429
2025-09-03 06:54:22,329 - devlog - ERROR - _log:129 - Failed to post to Discord: 429
2025-09-03 06:54:22,329 - devlog - ERROR - _log:129 - Failed to post to Discord: 429
2025-09-03 06:54:22,330 - devlog - INFO - _log:129 - Devlog entry created: Inbox Message Delivery to Agent-2
2025-09-03 06:54:22,330 - devlog - INFO - _log:129 - Devlog entry created: Inbox Message Delivery to Agent-2
2025-09-03 06:54:22,330 - devlog - INFO - _log:129 - Devlog entry created: Inbox Message Delivery to Agent-2
2025-09-03 06:54:22,330 - devlog - INFO - _log:129 - Devlog entry created: Inbox Message Delivery to Agent-2
2025-09-03 06:54:22,330 - devlog - INFO - _log:129 - Devlog entry created: Inbox Message Delivery to Agent-2
2025-09-03 06:54:22,330 - devlog - INFO - _log:129 - Devlog entry created: Inbox Message Delivery to Agent-2
2025-09-03 06:54:22,330 - devlog - INFO - _log:129 - Devlog entry created: Inbox Message Delivery to Agent-2
2025-09-03 06:54:22,330 - devlog - INFO - _log:129 - Devlog entry created: Inbox Message Delivery to Agent-2
2025-09-03 06:54:22,330 - devlog - INFO - _log:129 - Devlog entry created: Inbox Message Delivery to Agent-2
2025-09-03 06:54:22,334 - devlog - ERROR - _log:129 - Failed to post to Discord: 429
2025-09-03 06:54:22,334 - devlog - ERROR - _log:129 - Failed to post to Discord: 429
2025-09-03 06:54:22,334 - devlog - ERROR - _log:129 - Failed to post to Discord: 429
2025-09-03 06:54:22,334 - devlog - ERROR - _log:129 - Failed to post to Discord: 429
2025-09-03 06:54:22,334 - devlog - ERROR - _log:129 - Failed to post to Discord: 429
2025-09-03 06:54:22,334 - devlog - ERROR - _log:129 - Failed to post to Discord: 429
2025-09-03 06:54:22,334 - devlog - ERROR - _log:129 - Failed to post to Discord: 429
2025-09-03 06:54:22,334 - devlog - ERROR - _log:129 - Failed to post to Discord: 429
2025-09-03 06:54:22,334 - devlog - ERROR - _log:129 - Failed to post to Discord: 429
2025-09-03 06:54:22,335 - devlog - INFO - _log:129 - Devlog entry created: Inbox Message Delivery to Agent-2
2025-09-03 06:54:22,335 - devlog - INFO - _log:129 - Devlog entry created: Inbox Message Delivery to Agent-2
2025-09-03 06:54:22,335 - devlog - INFO - _log:129 - Devlog entry created: Inbox Message Delivery to Agent-2
2025-09-03 06:54:22,335 - devlog - INFO - _log:129 - Devlog entry created: Inbox Message Delivery to Agent-2
2025-09-03 06:54:22,335 - devlog - INFO - _log:129 - Devlog entry created: Inbox Message Delivery to Agent-2
2025-09-03 06:54:22,335 - devlog - INFO - _log:129 - Devlog entry created: Inbox Message Delivery to Agent-2
2025-09-03 06:54:22,335 - devlog - INFO - _log:129 - Devlog entry created: Inbox Message Delivery to Agent-2
2025-09-03 06:54:22,335 - devlog - INFO - _log:129 - Devlog entry created: Inbox Message Delivery to Agent-2
2025-09-03 06:54:22,335 - devlog - INFO - _log:129 - Devlog entry created: Inbox Message Delivery to Agent-2
2025-09-03 06:54:22,342 - devlog - ERROR - _log:129 - Failed to post to Discord: 429
2025-09-03 06:54:22,342 - devlog - ERROR - _log:129 - Failed to post to Discord: 429
2025-09-03 06:54:22,342 - devlog - ERROR - _log:129 - Failed to post to Discord: 429
2025-09-03 06:54:22,342 - devlog - ERROR - _log:129 - Failed to post to Discord: 429
2025-09-03 06:54:22,344 - devlog - ERROR - _log:129 - Failed to post to Discord: 429
2025-09-03 06:54:22,342 - devlog - ERROR - _log:129 - Failed to post to Discord: 429
2025-09-03 06:54:22,344 - devlog - ERROR - _log:129 - Failed to post to Discord: 429
2025-09-03 06:54:22,342 - devlog - ERROR - _log:129 - Failed to post to Discord: 429
2025-09-03 06:54:22,344 - devlog - ERROR - _log:129 - Failed to post to Discord: 429
2025-09-03 06:54:22,342 - devlog - ERROR - _log:129 - Failed to post to Discord: 429
2025-09-03 06:54:22,344 - devlog - ERROR - _log:129 - Failed to post to Discord: 429
2025-09-03 06:54:22,342 - devlog - ERROR - _log:129 - Failed to post to Discord: 429
2025-09-03 06:54:22,344 - devlog - ERROR - _log:129 - Failed to post to Discord: 429
2025-09-03 06:54:22,342 - devlog - ERROR - _log:129 - Failed to post to Discord: 429
2025-09-03 06:54:22,344 - devlog - ERROR - _log:129 - Failed to post to Discord: 429
2025-09-03 06:54:22,344 - devlog - ERROR - _log:129 - Failed to post to Discord: 429
2025-09-03 06:54:22,344 - devlog - ERROR - _log:129 - Failed to post to Discord: 429
2025-09-03 06:54:22,346 - devlog - INFO - _log:129 - Devlog entry created: Inbox Message Delivery to Agent-2
2025-09-03 06:54:22,344 - devlog - ERROR - _log:129 - Failed to post to Discord: 429
2025-09-03 06:54:22,346 - devlog - INFO - _log:129 - Devlog entry created: Inbox Message Delivery to Agent-2
2025-09-03 06:54:22,346 - devlog - INFO - _log:129 - Devlog entry created: Inbox Message Delivery to Agent-2
2025-09-03 06:54:22,347 - devlog - INFO - _log:129 - Devlog entry created: Inbox Message Delivery to Agent-2
2025-09-03 06:54:22,346 - devlog - INFO - _log:129 - Devlog entry created: Inbox Message Delivery to Agent-2
2025-09-03 06:54:22,347 - devlog - INFO - _log:129 - Devlog entry created: Inbox Message Delivery to Agent-2
2025-09-03 06:54:22,346 - devlog - INFO - _log:129 - Devlog entry created: Inbox Message Delivery to Agent-2
2025-09-03 06:54:22,347 - devlog - INFO - _log:129 - Devlog entry created: Inbox Message Delivery to Agent-2
2025-09-03 06:54:22,346 - devlog - INFO - _log:129 - Devlog entry created: Inbox Message Delivery to Agent-2
2025-09-03 06:54:22,346 - devlog - INFO - _log:129 - Devlog entry created: Inbox Message Delivery to Agent-2
2025-09-03 06:54:22,347 - devlog - INFO - _log:129 - Devlog entry created: Inbox Message Delivery to Agent-2
2025-09-03 06:54:22,346 - devlog - INFO - _log:129 - Devlog entry created: Inbox Message Delivery to Agent-2
2025-09-03 06:54:22,347 - devlog - INFO - _log:129 - Devlog entry created: Inbox Message Delivery to Agent-2
2025-09-03 06:54:22,346 - devlog - INFO - _log:129 - Devlog entry created: Inbox Message Delivery to Agent-2
2025-09-03 06:54:22,347 - devlog - INFO - _log:129 - Devlog entry created: Inbox Message Delivery to Agent-2
2025-09-03 06:54:22,347 - devlog - INFO - _log:129 - Devlog entry created: Inbox Message Delivery to Agent-2
2025-09-03 06:54:22,347 - devlog - INFO - _log:129 - Devlog entry created: Inbox Message Delivery to Agent-2
2025-09-03 06:54:22,347 - devlog - INFO - _log:129 - Devlog entry created: Inbox Message Delivery to Agent-2
2025-09-03 06:54:22,409 - devlog - INFO - _log:129 - Devlog posted to Discord successfully
2025-09-03 06:54:22,409 - devlog - INFO - _log:129 - Devlog posted to Discord successfully
2025-09-03 06:54:22,409 - devlog - INFO - _log:129 - Devlog posted to Discord successfully
2025-09-03 06:54:22,409 - devlog - INFO - _log:129 - Devlog posted to Discord successfully
2025-09-03 06:54:22,409 - devlog - INFO - _log:129 - Devlog posted to Discord successfully
2025-09-03 06:54:22,409 - devlog - INFO - _log:129 - Devlog posted to Discord successfully
2025-09-03 06:54:22,409 - devlog - INFO - _log:129 - Devlog posted to Discord successfully
2025-09-03 06:54:22,409 - devlog - INFO - _log:129 - Devlog posted to Discord successfully
2025-09-03 06:54:22,409 - devlog - INFO - _log:129 - Devlog posted to Discord successfully
2025-09-03 06:54:22,410 - devlog - INFO - _log:129 - Devlog entry created: Inbox Message Delivery to Agent-2
2025-09-03 06:54:22,410 - devlog - INFO - _log:129 - Devlog entry created: Inbox Message Delivery to Agent-2
2025-09-03 06:54:22,410 - devlog - INFO - _log:129 - Devlog entry created: Inbox Message Delivery to Agent-2
2025-09-03 06:54:22,410 - devlog - INFO - _log:129 - Devlog entry created: Inbox Message Delivery to Agent-2
2025-09-03 06:54:22,410 - devlog - INFO - _log:129 - Devlog entry created: Inbox Message Delivery to Agent-2
2025-09-03 06:54:22,410 - devlog - INFO - _log:129 - Devlog entry created: Inbox Message Delivery to Agent-2
2025-09-03 06:54:22,410 - devlog - INFO - _log:129 - Devlog entry created: Inbox Message Delivery to Agent-2
2025-09-03 06:54:22,410 - devlog - INFO - _log:129 - Devlog entry created: Inbox Message Delivery to Agent-2
2025-09-03 06:54:22,410 - devlog - INFO - _log:129 - Devlog entry created: Inbox Message Delivery to Agent-2
2025-09-03 06:54:22,417 - devlog - INFO - _log:129 - Devlog posted to Discord successfully
2025-09-03 06:54:22,417 - devlog - INFO - _log:129 - Devlog posted to Discord successfully
2025-09-03 06:54:22,417 - devlog - INFO - _log:129 - Devlog posted to Discord successfully
2025-09-03 06:54:22,417 - devlog - INFO - _log:129 - Devlog posted to Discord successfully
2025-09-03 06:54:22,417 - devlog - INFO - _log:129 - Devlog posted to Discord successfully
2025-09-03 06:54:22,417 - devlog - INFO - _log:129 - Devlog posted to Discord successfully
2025-09-03 06:54:22,417 - devlog - INFO - _log:129 - Devlog posted to Discord successfully
2025-09-03 06:54:22,417 - devlog - INFO - _log:129 - Devlog posted to Discord successfully
2025-09-03 06:54:22,417 - devlog - INFO - _log:129 - Devlog posted to Discord successfully
2025-09-03 06:54:22,420 - devlog - INFO - _log:129 - Devlog entry created: Inbox Message Delivery to Agent-2
2025-09-03 06:54:22,420 - devlog - INFO - _log:129 - Devlog entry created: Inbox Message Delivery to Agent-2
2025-09-03 06:54:22,420 - devlog - INFO - _log:129 - Devlog entry created: Inbox Message Delivery to Agent-2
2025-09-03 06:54:22,420 - devlog - INFO - _log:129 - Devlog entry created: Inbox Message Delivery to Agent-2
2025-09-03 06:54:22,420 - devlog - INFO - _log:129 - Devlog entry created: Inbox Message Delivery to Agent-2
2025-09-03 06:54:22,420 - devlog - INFO - _log:129 - Devlog entry created: Inbox Message Delivery to Agent-2
2025-09-03 06:54:22,420 - devlog - INFO - _log:129 - Devlog entry created: Inbox Message Delivery to Agent-2
2025-09-03 06:54:22,420 - devlog - INFO - _log:129 - Devlog entry created: Inbox Message Delivery to Agent-2
2025-09-03 06:54:22,420 - devlog - INFO - _log:129 - Devlog entry created: Inbox Message Delivery to Agent-2
2025-09-03 06:54:22,441 - devlog - INFO - _log:129 - Devlog posted to Discord successfully
2025-09-03 06:54:22,441 - devlog - INFO - _log:129 - Devlog posted to Discord successfully
2025-09-03 06:54:22,441 - devlog - INFO - _log:129 - Devlog posted to Discord successfully
2025-09-03 06:54:22,441 - devlog - INFO - _log:129 - Devlog posted to Discord successfully
2025-09-03 06:54:22,441 - devlog - INFO - _log:129 - Devlog posted to Discord successfully
2025-09-03 06:54:22,441 - devlog - INFO - _log:129 - Devlog posted to Discord successfully
2025-09-03 06:54:22,441 - devlog - INFO - _log:129 - Devlog posted to Discord successfully
2025-09-03 06:54:22,441 - devlog - INFO - _log:129 - Devlog posted to Discord successfully
2025-09-03 06:54:22,441 - devlog - INFO - _log:129 - Devlog posted to Discord successfully
2025-09-03 06:54:22,442 - devlog - INFO - _log:129 - Devlog entry created: Inbox Message Delivery to Agent-2
2025-09-03 06:54:22,442 - devlog - INFO - _log:129 - Devlog entry created: Inbox Message Delivery to Agent-2
2025-09-03 06:54:22,442 - devlog - INFO - _log:129 - Devlog entry created: Inbox Message Delivery to Agent-2
2025-09-03 06:54:22,442 - devlog - INFO - _log:129 - Devlog entry created: Inbox Message Delivery to Agent-2
2025-09-03 06:54:22,442 - devlog - INFO - _log:129 - Devlog entry created: Inbox Message Delivery to Agent-2
2025-09-03 06:54:22,442 - devlog - INFO - _log:129 - Devlog entry created: Inbox Message Delivery to Agent-2
2025-09-03 06:54:22,442 - devlog - INFO - _log:129 - Devlog entry created: Inbox Message Delivery to Agent-2
2025-09-03 06:54:22,442 - devlog - INFO - _log:129 - Devlog entry created: Inbox Message Delivery to Agent-2
2025-09-03 06:54:22,442 - devlog - INFO - _log:129 - Devlog entry created: Inbox Message Delivery to Agent-2
2025-09-03 06:54:22,509 - devlog - INFO - _log:129 - Devlog posted to Discord successfully
2025-09-03 06:54:22,509 - devlog - INFO - _log:129 - Devlog posted to Discord successfully
2025-09-03 06:54:22,509 - devlog - INFO - _log:129 - Devlog posted to Discord successfully
2025-09-03 06:54:22,509 - devlog - INFO - _log:129 - Devlog posted to Discord successfully
2025-09-03 06:54:22,509 - devlog - INFO - _log:129 - Devlog posted to Discord successfully
2025-09-03 06:54:22,509 - devlog - INFO - _log:129 - Devlog posted to Discord successfully
2025-09-03 06:54:22,509 - devlog - INFO - _log:129 - Devlog posted to Discord successfully
2025-09-03 06:54:22,509 - devlog - INFO - _log:129 - Devlog posted to Discord successfully
2025-09-03 06:54:22,509 - devlog - INFO - _log:129 - Devlog posted to Discord successfully
2025-09-03 06:54:22,510 - devlog - INFO - _log:129 - Devlog entry created: Inbox Message Delivery to Agent-2
2025-09-03 06:54:22,510 - devlog - INFO - _log:129 - Devlog entry created: Inbox Message Delivery to Agent-2
2025-09-03 06:54:22,510 - devlog - INFO - _log:129 - Devlog entry created: Inbox Message Delivery to Agent-2
2025-09-03 06:54:22,510 - devlog - INFO - _log:129 - Devlog entry created: Inbox Message Delivery to Agent-2
2025-09-03 06:54:22,510 - devlog - INFO - _log:129 - Devlog entry created: Inbox Message Delivery to Agent-2
2025-09-03 06:54:22,510 - devlog - INFO - _log:129 - Devlog entry created: Inbox Message Delivery to Agent-2
2025-09-03 06:54:22,510 - devlog - INFO - _log:129 - Devlog entry created: Inbox Message Delivery to Agent-2
2025-09-03 06:54:22,510 - devlog - INFO - _log:129 - Devlog entry created: Inbox Message Delivery to Agent-2
2025-09-03 06:54:22,510 - devlog - INFO - _log:129 - Devlog entry created: Inbox Message Delivery to Agent-2
2025-09-03 06:54:22,516 - devlog - INFO - _log:129 - Devlog posted to Discord successfully
2025-09-03 06:54:22,516 - devlog - INFO - _log:129 - Devlog posted to Discord successfully
2025-09-03 06:54:22,516 - devlog - INFO - _log:129 - Devlog posted to Discord successfully
2025-09-03 06:54:22,516 - devlog - INFO - _log:129 - Devlog posted to Discord successfully
2025-09-03 06:54:22,516 - devlog - INFO - _log:129 - Devlog posted to Discord successfully
2025-09-03 06:54:22,516 - devlog - INFO - _log:129 - Devlog posted to Discord successfully
2025-09-03 06:54:22,516 - devlog - INFO - _log:129 - Devlog posted to Discord successfully
2025-09-03 06:54:22,516 - devlog - INFO - _log:129 - Devlog posted to Discord successfully
2025-09-03 06:54:22,516 - devlog - INFO - _log:129 - Devlog posted to Discord successfully
2025-09-03 06:54:22,517 - devlog - INFO - _log:129 - Devlog entry created: Inbox Message Delivery to Agent-2
2025-09-03 06:54:22,517 - devlog - INFO - _log:129 - Devlog entry created: Inbox Message Delivery to Agent-2
2025-09-03 06:54:22,517 - devlog - INFO - _log:129 - Devlog entry created: Inbox Message Delivery to Agent-2
2025-09-03 06:54:22,517 - devlog - INFO - _log:129 - Devlog entry created: Inbox Message Delivery to Agent-2
2025-09-03 06:54:22,517 - devlog - INFO - _log:129 - Devlog entry created: Inbox Message Delivery to Agent-2
2025-09-03 06:54:22,517 - devlog - INFO - _log:129 - Devlog entry created: Inbox Message Delivery to Agent-2
2025-09-03 06:54:22,517 - devlog - INFO - _log:129 - Devlog entry created: Inbox Message Delivery to Agent-2
2025-09-03 06:54:22,517 - devlog - INFO - _log:129 - Devlog entry created: Inbox Message Delivery to Agent-2
2025-09-03 06:54:22,517 - devlog - INFO - _log:129 - Devlog entry created: Inbox Message Delivery to Agent-2
2025-09-03 06:54:22,964 - devlog - INFO - _log:129 - Devlog posted to Discord successfully
2025-09-03 06:54:22,965 - devlog - INFO - _log:129 - Devlog entry created: Inbox Message Delivery to Invalid-Agent
2025-09-03 06:54:23,201 - devlog - INFO - _log:129 - Devlog posted to Discord successfully
2025-09-03 06:54:23,202 - devlog - INFO - _log:129 - Devlog entry created: Inbox Message Delivery to Agent-2
2025-09-03 06:54:23,389 - devlog - ERROR - _log:129 - Failed to post to Discord: 429
2025-09-03 06:54:23,390 - devlog - INFO - _log:129 - Devlog entry created: Inbox Message Delivery to Agent-2
2025-09-03 06:54:25,623 - devlog - INFO - _log:129 - Devlog posted to Discord successfully
2025-09-03 06:54:25,624 - devlog - INFO - _log:129 - Devlog entry created: Inbox Message Delivery to Agent-2
2025-09-03 06:54:27,017 - devlog - INFO - _log:129 - Devlog posted to Discord successfully
2025-09-03 06:54:27,018 - devlog - INFO - _log:129 - Devlog entry created: Inbox Message Delivery to Agent-2
2025-09-03 06:54:27,531 - devlog - INFO - _log:129 - Devlog posted to Discord successfully
2025-09-03 06:54:27,532 - devlog - INFO - _log:129 - Devlog entry created: Inbox Message Delivery to Agent-2
2025-09-03 06:54:27,888 - devlog - INFO - _log:129 - Devlog posted to Discord successfully
2025-09-03 06:54:27,888 - devlog - INFO - _log:129 - Devlog entry created: Inbox Message Delivery to Invalid-Agent
2025-09-03 06:54:28,300 - devlog - INFO - _log:129 - Devlog posted to Discord successfully
2025-09-03 06:54:28,301 - devlog - INFO - _log:129 - Devlog entry created: Inbox Message Delivery to Agent-2
2025-09-03 07:29:40,643 - devlog - INFO - _log:129 - Devlog posted to Discord successfully
2025-09-03 07:29:40,644 - devlog - INFO - _log:129 - Devlog entry created: Agent-5 ONBOARDING SEQUENCE READY - Phase 6 Integration Testing Cycle Focus
2025-09-03 08:41:48,108 - devlog - INFO - _log:129 - Devlog posted to Discord successfully
2025-09-03 08:41:48,244 - devlog - INFO - _log:129 - Devlog entry created: Agent-8 Cycle 21 Progress Report
2025-09-03 08:50:56,200 - devlog - INFO - _log:129 - Devlog posted to Discord successfully
2025-09-03 08:50:56,210 - devlog - INFO - _log:129 - Devlog entry created: Trading Robot Architecture Coordination Complete - Agent-2 Architecture Analysis and Enhancement Plan Delivered
2025-09-03 08:59:39,819 - devlog - INFO - _log:129 - Devlog posted to Discord successfully
2025-09-03 08:59:39,828 - devlog - INFO - _log:129 - Devlog entry created: Agent-5 V2 Compliance Analysis Phase 1 Complete
2025-09-03 09:02:29,980 - devlog - INFO - _log:129 - Devlog posted to Discord successfully
2025-09-03 09:02:29,982 - devlog - INFO - _log:129 - Devlog entry created: V2 Compliance Phase 1 Completed
2025-09-03 09:03:19,821 - devlog - INFO - _log:129 - Devlog posted to Discord successfully
2025-09-03 09:03:19,822 - devlog - INFO - _log:129 - Devlog entry created: Inbox Message Delivery to Agent-1
2025-09-03 09:03:20,143 - devlog - INFO - _log:129 - Devlog posted to Discord successfully
2025-09-03 09:03:20,143 - devlog - INFO - _log:129 - Devlog entry created: Inbox Message Delivery to Agent-2
2025-09-03 09:03:20,405 - devlog - INFO - _log:129 - Devlog posted to Discord successfully
2025-09-03 09:03:20,405 - devlog - INFO - _log:129 - Devlog entry created: Inbox Message Delivery to Agent-3
2025-09-03 09:03:53,678 - devlog - INFO - _log:129 - Devlog posted to Discord successfully
2025-09-03 09:03:53,679 - devlog - INFO - _log:129 - Devlog entry created: Inbox Message Delivery to Agent-2
2025-09-03 09:04:43,741 - devlog - INFO - _log:129 - Devlog posted to Discord successfully
2025-09-03 09:04:43,742 - devlog - INFO - _log:129 - Devlog entry created: Inbox Message Delivery to Agent-2
2025-09-03 09:04:44,727 - devlog - INFO - _log:129 - Devlog posted to Discord successfully
2025-09-03 09:04:44,728 - devlog - INFO - _log:129 - Devlog entry created: Inbox Message Delivery to Agent-1
2025-09-03 09:04:45,146 - devlog - INFO - _log:129 - Devlog posted to Discord successfully
2025-09-03 09:04:45,146 - devlog - INFO - _log:129 - Devlog entry created: Inbox Message Delivery to Agent-2
2025-09-03 09:04:45,358 - devlog - INFO - _log:129 - Devlog posted to Discord successfully
2025-09-03 09:04:45,358 - devlog - INFO - _log:129 - Devlog entry created: Inbox Message Delivery to Agent-3
2025-09-03 09:04:45,934 - devlog - INFO - _log:129 - Devlog posted to Discord successfully
2025-09-03 09:04:45,935 - devlog - INFO - _log:129 - Devlog entry created: Inbox Message Delivery to Invalid-Agent
2025-09-03 09:04:46,685 - devlog - INFO - _log:129 - Devlog posted to Discord successfully
2025-09-03 09:04:46,685 - devlog - INFO - _log:129 - Devlog entry created: Inbox Message Delivery to Agent-2
2025-09-03 09:04:46,938 - devlog - INFO - _log:129 - Devlog posted to Discord successfully
2025-09-03 09:04:46,939 - devlog - INFO - _log:129 - Devlog entry created: Inbox Message Delivery to Invalid-Agent
2025-09-03 09:04:47,265 - devlog - ERROR - _log:129 - Failed to save devlog to file: Expecting value: line 1 column 1 (char 0)
2025-09-03 09:04:47,271 - devlog - ERROR - _log:129 - Failed to save devlog to file: Expecting value: line 1 column 1 (char 0)
2025-09-03 09:04:47,271 - devlog - ERROR - _log:129 - Failed to save devlog to file: Expecting value: line 1 column 1 (char 0)
2025-09-03 09:04:47,451 - devlog - ERROR - _log:129 - Failed to post to Discord: 429
2025-09-03 09:04:47,452 - devlog - INFO - _log:129 - Devlog entry created: Inbox Message Delivery to Agent-2
2025-09-03 09:04:47,455 - devlog - ERROR - _log:129 - Failed to post to Discord: 429
2025-09-03 09:04:47,456 - devlog - INFO - _log:129 - Devlog entry created: Inbox Message Delivery to Agent-2
2025-09-03 09:04:47,464 - devlog - ERROR - _log:129 - Failed to post to Discord: 429
2025-09-03 09:04:47,465 - devlog - INFO - _log:129 - Devlog entry created: Inbox Message Delivery to Agent-2
2025-09-03 09:04:47,493 - devlog - ERROR - _log:129 - Failed to post to Discord: 429
2025-09-03 09:04:47,493 - devlog - INFO - _log:129 - Devlog entry created: Inbox Message Delivery to Agent-2
2025-09-03 09:04:47,494 - devlog - ERROR - _log:129 - Failed to post to Discord: 429
2025-09-03 09:04:47,495 - devlog - INFO - _log:129 - Devlog entry created: Inbox Message Delivery to Agent-2
2025-09-03 09:04:47,499 - devlog - INFO - _log:129 - Devlog posted to Discord successfully
2025-09-03 09:04:47,500 - devlog - INFO - _log:129 - Devlog entry created: Inbox Message Delivery to Agent-2
2025-09-03 09:04:47,508 - devlog - INFO - _log:129 - Devlog posted to Discord successfully
2025-09-03 09:04:47,509 - devlog - INFO - _log:129 - Devlog entry created: Inbox Message Delivery to Agent-2
2025-09-03 09:04:47,539 - devlog - INFO - _log:129 - Devlog posted to Discord successfully
2025-09-03 09:04:47,539 - devlog - INFO - _log:129 - Devlog entry created: Inbox Message Delivery to Agent-2
2025-09-03 09:04:47,560 - devlog - INFO - _log:129 - Devlog posted to Discord successfully
2025-09-03 09:04:47,560 - devlog - INFO - _log:129 - Devlog entry created: Inbox Message Delivery to Agent-2
2025-09-03 09:04:47,585 - devlog - INFO - _log:129 - Devlog posted to Discord successfully
2025-09-03 09:04:47,585 - devlog - INFO - _log:129 - Devlog entry created: Inbox Message Delivery to Agent-2
2025-09-03 09:04:48,240 - devlog - INFO - _log:129 - Devlog posted to Discord successfully
2025-09-03 09:04:48,240 - devlog - INFO - _log:129 - Devlog entry created: Inbox Message Delivery to Agent-2
2025-09-03 09:04:48,825 - devlog - INFO - _log:129 - Devlog posted to Discord successfully
2025-09-03 09:04:48,826 - devlog - INFO - _log:129 - Devlog entry created: Inbox Message Delivery to Agent-2
2025-09-03 09:04:49,513 - devlog - INFO - _log:129 - Devlog posted to Discord successfully
2025-09-03 09:04:49,514 - devlog - INFO - _log:129 - Devlog entry created: Inbox Message Delivery to Agent-2
2025-09-03 09:04:49,886 - devlog - INFO - _log:129 - Devlog posted to Discord successfully
2025-09-03 09:04:49,887 - devlog - INFO - _log:129 - Devlog entry created: Inbox Message Delivery to Agent-2
2025-09-03 09:18:11,159 - devlog - INFO - _log:129 - Devlog posted to Discord successfully
2025-09-03 09:18:11,161 - devlog - INFO - _log:129 - Devlog entry created: Agent-1 V2 Compliance Phase 1 Coordination Complete - SSOT Validation System Refactoring Successfully Coordinated
2025-09-03 09:26:49,773 - devlog - INFO - _log:129 - Devlog posted to Discord successfully
2025-09-03 09:26:49,852 - devlog - INFO - _log:129 - Devlog entry created: Architecture Refactoring Phase 2 Completed
2025-09-03 11:27:49,923 - devlog - INFO - _log:129 - Devlog posted to Discord successfully
2025-09-03 11:27:49,925 - devlog - INFO - _log:129 - Devlog entry created: Agent-7 Detailed Architecture Coordination Complete - Phase 6 Integration Points Verified
2025-09-03 11:54:30,005 - devlog - INFO - _log:129 - Devlog posted to Discord successfully
2025-09-03 11:54:31,456 - devlog - INFO - _log:129 - Devlog entry created: VECTOR DATABASE STRATEGIC OVERSIGHT SYSTEM ACTIVATED
2025-09-03 11:58:18,977 - devlog - INFO - _log:129 - Devlog posted to Discord successfully
2025-09-03 11:58:18,978 - devlog - INFO - _log:129 - Devlog entry created: Agent-8 SSOT Cleanup Mission Phase 1 Complete
2025-09-03 12:20:28,433 - devlog - INFO - _log:129 - Devlog posted to Discord successfully
2025-09-03 12:20:28,437 - devlog - INFO - _log:129 - Devlog entry created: Optimized Message Delivery to Agent-1
2025-09-03 12:20:30,738 - devlog - INFO - _log:129 - Devlog posted to Discord successfully
2025-09-03 12:20:30,739 - devlog - INFO - _log:129 - Devlog entry created: Optimized Message Delivery to Agent-2
2025-09-03 12:20:33,131 - devlog - INFO - _log:129 - Devlog posted to Discord successfully
2025-09-03 12:20:33,132 - devlog - INFO - _log:129 - Devlog entry created: Optimized Message Delivery to Agent-3
2025-09-03 12:20:35,740 - devlog - INFO - _log:129 - Devlog posted to Discord successfully
2025-09-03 12:20:35,758 - devlog - INFO - _log:129 - Devlog entry created: Optimized Message Delivery to Agent-5
2025-09-03 12:20:38,296 - devlog - INFO - _log:129 - Devlog posted to Discord successfully
2025-09-03 12:20:38,297 - devlog - INFO - _log:129 - Devlog entry created: Optimized Message Delivery to Agent-6
2025-09-03 12:20:41,033 - devlog - INFO - _log:129 - Devlog posted to Discord successfully
2025-09-03 12:20:41,035 - devlog - INFO - _log:129 - Devlog entry created: Optimized Message Delivery to Agent-7
2025-09-03 12:20:43,748 - devlog - INFO - _log:129 - Devlog posted to Discord successfully
2025-09-03 12:20:43,752 - devlog - INFO - _log:129 - Devlog entry created: Optimized Message Delivery to Agent-8
2025-09-03 12:20:46,807 - devlog - INFO - _log:129 - Devlog posted to Discord successfully
2025-09-03 12:20:46,812 - devlog - INFO - _log:129 - Devlog entry created: Optimized Message Delivery to Agent-4
2025-09-03 12:20:50,378 - devlog - INFO - _log:129 - Devlog posted to Discord successfully
2025-09-03 12:20:50,645 - devlog - INFO - _log:129 - Devlog entry created: Optimized Message Delivery to Agent-1
2025-09-03 12:20:54,528 - devlog - INFO - _log:129 - Devlog posted to Discord successfully
2025-09-03 12:20:54,634 - devlog - INFO - _log:129 - Devlog entry created: Optimized Message Delivery to Agent-2
2025-09-03 12:20:58,576 - devlog - INFO - _log:129 - Devlog posted to Discord successfully
2025-09-03 12:20:58,578 - devlog - INFO - _log:129 - Devlog entry created: Optimized Message Delivery to Agent-3
2025-09-03 12:21:01,756 - devlog - INFO - _log:129 - Devlog posted to Discord successfully
2025-09-03 12:21:01,759 - devlog - INFO - _log:129 - Devlog entry created: Optimized Message Delivery to Agent-5
2025-09-03 12:21:04,710 - devlog - INFO - _log:129 - Devlog posted to Discord successfully
2025-09-03 12:21:04,711 - devlog - INFO - _log:129 - Devlog entry created: Optimized Message Delivery to Agent-6
2025-09-03 12:21:08,655 - devlog - INFO - _log:129 - Devlog posted to Discord successfully
2025-09-03 12:21:08,658 - devlog - INFO - _log:129 - Devlog entry created: Optimized Message Delivery to Agent-7
2025-09-03 12:21:11,366 - devlog - INFO - _log:129 - Devlog posted to Discord successfully
2025-09-03 12:21:11,387 - devlog - INFO - _log:129 - Devlog entry created: Optimized Message Delivery to Agent-8
2025-09-03 12:21:15,167 - devlog - INFO - _log:129 - Devlog posted to Discord successfully
2025-09-03 12:21:15,214 - devlog - INFO - _log:129 - Devlog entry created: Optimized Message Delivery to Agent-4
2025-09-03 12:22:33,786 - devlog - INFO - _log:129 - Devlog posted to Discord successfully
2025-09-03 12:22:33,787 - devlog - INFO - _log:129 - Devlog entry created: Optimized Message Delivery to Agent-1
2025-09-03 12:22:36,278 - devlog - INFO - _log:129 - Devlog posted to Discord successfully
2025-09-03 12:22:36,288 - devlog - INFO - _log:129 - Devlog entry created: Optimized Message Delivery to Agent-2
2025-09-03 12:22:38,793 - devlog - INFO - _log:129 - Devlog posted to Discord successfully
2025-09-03 12:22:38,795 - devlog - INFO - _log:129 - Devlog entry created: Optimized Message Delivery to Agent-3
2025-09-03 12:22:41,445 - devlog - INFO - _log:129 - Devlog posted to Discord successfully
2025-09-03 12:22:41,447 - devlog - INFO - _log:129 - Devlog entry created: Optimized Message Delivery to Agent-5
2025-09-03 12:22:45,489 - devlog - INFO - _log:129 - Devlog posted to Discord successfully
2025-09-03 12:22:45,522 - devlog - INFO - _log:129 - Devlog entry created: Optimized Message Delivery to Agent-6
2025-09-03 12:22:49,223 - devlog - INFO - _log:129 - Devlog posted to Discord successfully
2025-09-03 12:22:49,254 - devlog - INFO - _log:129 - Devlog entry created: Optimized Message Delivery to Agent-7
2025-09-03 12:22:53,134 - devlog - INFO - _log:129 - Devlog posted to Discord successfully
2025-09-03 12:22:53,153 - devlog - INFO - _log:129 - Devlog entry created: Optimized Message Delivery to Agent-8
2025-09-03 12:22:56,171 - devlog - INFO - _log:129 - Devlog posted to Discord successfully
2025-09-03 12:22:56,194 - devlog - INFO - _log:129 - Devlog entry created: Optimized Message Delivery to Agent-4
2025-09-03 12:22:59,311 - devlog - INFO - _log:129 - Devlog posted to Discord successfully
2025-09-03 12:22:59,629 - devlog - INFO - _log:129 - Devlog entry created: Optimized Message Delivery to Agent-1
2025-09-03 12:23:03,339 - devlog - INFO - _log:129 - Devlog posted to Discord successfully
2025-09-03 12:23:03,344 - devlog - INFO - _log:129 - Devlog entry created: Optimized Message Delivery to Agent-2
2025-09-03 12:23:06,303 - devlog - INFO - _log:129 - Devlog posted to Discord successfully
2025-09-03 12:23:06,333 - devlog - INFO - _log:129 - Devlog entry created: Optimized Message Delivery to Agent-3
2025-09-03 12:23:09,809 - devlog - INFO - _log:129 - Devlog posted to Discord successfully
2025-09-03 12:23:09,820 - devlog - INFO - _log:129 - Devlog entry created: Optimized Message Delivery to Agent-5
2025-09-03 12:23:13,864 - devlog - INFO - _log:129 - Devlog posted to Discord successfully
2025-09-03 12:23:13,871 - devlog - INFO - _log:129 - Devlog entry created: Optimized Message Delivery to Agent-6
2025-09-03 12:23:17,944 - devlog - INFO - _log:129 - Devlog posted to Discord successfully
2025-09-03 12:23:18,109 - devlog - INFO - _log:129 - Devlog entry created: Optimized Message Delivery to Agent-7
2025-09-03 12:23:21,394 - devlog - INFO - _log:129 - Devlog posted to Discord successfully
2025-09-03 12:23:21,443 - devlog - INFO - _log:129 - Devlog entry created: Optimized Message Delivery to Agent-8
2025-09-03 12:23:24,921 - devlog - INFO - _log:129 - Devlog posted to Discord successfully
2025-09-03 12:23:24,996 - devlog - INFO - _log:129 - Devlog entry created: Optimized Message Delivery to Agent-4
2025-09-03 12:26:05,787 - devlog - INFO - _log:129 - Devlog posted to Discord successfully
2025-09-03 12:26:05,789 - devlog - INFO - _log:129 - Devlog entry created: Optimized Message Delivery to Agent-1
2025-09-03 12:26:08,187 - devlog - INFO - _log:129 - Devlog posted to Discord successfully
2025-09-03 12:26:08,187 - devlog - INFO - _log:129 - Devlog entry created: Optimized Message Delivery to Agent-2
2025-09-03 12:26:11,329 - devlog - INFO - _log:129 - Devlog posted to Discord successfully
2025-09-03 12:26:11,331 - devlog - INFO - _log:129 - Devlog entry created: Optimized Message Delivery to Agent-3
2025-09-03 12:26:13,754 - devlog - INFO - _log:129 - Devlog posted to Discord successfully
2025-09-03 12:26:13,757 - devlog - INFO - _log:129 - Devlog entry created: Optimized Message Delivery to Agent-5
2025-09-03 12:26:16,275 - devlog - INFO - _log:129 - Devlog posted to Discord successfully
2025-09-03 12:26:16,277 - devlog - INFO - _log:129 - Devlog entry created: Optimized Message Delivery to Agent-6
2025-09-03 12:26:19,014 - devlog - INFO - _log:129 - Devlog posted to Discord successfully
2025-09-03 12:26:19,025 - devlog - INFO - _log:129 - Devlog entry created: Optimized Message Delivery to Agent-7
2025-09-03 12:26:21,594 - devlog - INFO - _log:129 - Devlog posted to Discord successfully
2025-09-03 12:26:21,597 - devlog - INFO - _log:129 - Devlog entry created: Optimized Message Delivery to Agent-8
2025-09-03 12:26:24,391 - devlog - INFO - _log:129 - Devlog posted to Discord successfully
2025-09-03 12:26:24,398 - devlog - INFO - _log:129 - Devlog entry created: Optimized Message Delivery to Agent-4
2025-09-03 12:26:27,144 - devlog - INFO - _log:129 - Devlog posted to Discord successfully
2025-09-03 12:26:27,253 - devlog - INFO - _log:129 - Devlog entry created: Optimized Message Delivery to Agent-1
2025-09-03 12:26:30,470 - devlog - INFO - _log:129 - Devlog posted to Discord successfully
2025-09-03 12:26:30,471 - devlog - INFO - _log:129 - Devlog entry created: Optimized Message Delivery to Agent-2
2025-09-03 12:26:33,802 - devlog - INFO - _log:129 - Devlog posted to Discord successfully
2025-09-03 12:26:33,807 - devlog - INFO - _log:129 - Devlog entry created: Optimized Message Delivery to Agent-3
2025-09-03 12:26:37,212 - devlog - INFO - _log:129 - Devlog posted to Discord successfully
2025-09-03 12:26:37,213 - devlog - INFO - _log:129 - Devlog entry created: Optimized Message Delivery to Agent-5
2025-09-03 12:26:40,600 - devlog - INFO - _log:129 - Devlog posted to Discord successfully
2025-09-03 12:26:40,601 - devlog - INFO - _log:129 - Devlog entry created: Optimized Message Delivery to Agent-6
2025-09-03 12:26:44,445 - devlog - INFO - _log:129 - Devlog posted to Discord successfully
2025-09-03 12:26:44,568 - devlog - INFO - _log:129 - Devlog entry created: Optimized Message Delivery to Agent-7
2025-09-03 12:27:32,783 - devlog - INFO - _log:129 - Devlog posted to Discord successfully
2025-09-03 12:27:32,788 - devlog - INFO - _log:129 - Devlog entry created: Optimized Message Delivery to Agent-1
2025-09-03 12:27:35,114 - devlog - INFO - _log:129 - Devlog posted to Discord successfully
2025-09-03 12:27:35,116 - devlog - INFO - _log:129 - Devlog entry created: Optimized Message Delivery to Agent-2
2025-09-03 12:27:37,415 - devlog - INFO - _log:129 - Devlog posted to Discord successfully
2025-09-03 12:27:37,425 - devlog - INFO - _log:129 - Devlog entry created: Optimized Message Delivery to Agent-3
2025-09-03 12:27:40,056 - devlog - INFO - _log:129 - Devlog posted to Discord successfully
2025-09-03 12:27:40,057 - devlog - INFO - _log:129 - Devlog entry created: Optimized Message Delivery to Agent-5
2025-09-03 12:27:43,228 - devlog - INFO - _log:129 - Devlog posted to Discord successfully
2025-09-03 12:27:43,229 - devlog - INFO - _log:129 - Devlog entry created: Optimized Message Delivery to Agent-6
2025-09-03 12:27:46,083 - devlog - INFO - _log:129 - Devlog posted to Discord successfully
2025-09-03 12:27:46,093 - devlog - INFO - _log:129 - Devlog entry created: Optimized Message Delivery to Agent-7
2025-09-03 12:27:48,575 - devlog - INFO - _log:129 - Devlog posted to Discord successfully
2025-09-03 12:27:48,588 - devlog - INFO - _log:129 - Devlog entry created: Optimized Message Delivery to Agent-8
2025-09-03 12:27:50,966 - devlog - INFO - _log:129 - Devlog posted to Discord successfully
2025-09-03 12:27:50,967 - devlog - INFO - _log:129 - Devlog entry created: Optimized Message Delivery to Agent-4
2025-09-03 12:27:53,436 - devlog - INFO - _log:129 - Devlog posted to Discord successfully
2025-09-03 12:27:53,437 - devlog - INFO - _log:129 - Devlog entry created: Optimized Message Delivery to Agent-1
2025-09-03 12:27:57,060 - devlog - INFO - _log:129 - Devlog posted to Discord successfully
2025-09-03 12:27:57,061 - devlog - INFO - _log:129 - Devlog entry created: Optimized Message Delivery to Agent-2
2025-09-03 12:28:03,248 - devlog - INFO - _log:129 - Devlog posted to Discord successfully
2025-09-03 12:28:03,255 - devlog - INFO - _log:129 - Devlog entry created: Optimized Message Delivery to Agent-3
2025-09-03 12:28:06,918 - devlog - INFO - _log:129 - Devlog posted to Discord successfully
2025-09-03 12:28:06,920 - devlog - INFO - _log:129 - Devlog entry created: Optimized Message Delivery to Agent-5
2025-09-03 12:28:12,566 - devlog - INFO - _log:129 - Devlog posted to Discord successfully
2025-09-03 12:28:12,608 - devlog - INFO - _log:129 - Devlog entry created: Optimized Message Delivery to Agent-6
2025-09-03 12:28:20,130 - devlog - INFO - _log:129 - Devlog posted to Discord successfully
2025-09-03 12:28:20,131 - devlog - INFO - _log:129 - Devlog entry created: Optimized Message Delivery to Agent-7
2025-09-03 12:28:24,481 - devlog - INFO - _log:129 - Devlog posted to Discord successfully
2025-09-03 12:28:24,490 - devlog - INFO - _log:129 - Devlog entry created: Optimized Message Delivery to Agent-8
2025-09-03 12:28:28,896 - devlog - INFO - _log:129 - Devlog posted to Discord successfully
2025-09-03 12:28:28,904 - devlog - INFO - _log:129 - Devlog entry created: Optimized Message Delivery to Agent-4
2025-09-03 12:30:22,313 - devlog - INFO - _log:129 - Devlog posted to Discord successfully
2025-09-03 12:30:22,314 - devlog - INFO - _log:129 - Devlog entry created: Agent-8 SSOT Cleanup Mission Phase 1 Complete
2025-09-03 12:51:44,310 - devlog - INFO - _log:129 - Devlog posted to Discord successfully
2025-09-03 12:51:44,316 - devlog - INFO - _log:129 - Devlog entry created: Optimized Message Delivery to Agent-2
2025-09-03 12:52:37,606 - devlog - INFO - _log:129 - Devlog posted to Discord successfully
2025-09-03 12:52:37,635 - devlog - INFO - _log:129 - Devlog entry created: Optimized Message Delivery to Agent-2
2025-09-03 12:52:53,351 - devlog - INFO - _log:129 - Devlog posted to Discord successfully
2025-09-03 12:52:53,353 - devlog - INFO - _log:129 - Devlog entry created: Optimized Message Delivery to Agent-7
2025-09-03 13:16:09,447 - devlog - INFO - _log:129 - Devlog posted to Discord successfully
2025-09-03 13:16:09,458 - devlog - INFO - _log:129 - Devlog entry created: Agent-8 DRY Violation Consolidation MISSION ACCOMPLISHED
