2025-08-22 05:46:31,645 - __main__ - INFO - FSM-Communication Integration Launcher initialized
2025-08-22 05:46:37,301 - __main__ - INFO - FSM-Communication Integration Launcher initialized
2025-08-22 05:46:37,322 - __main__ - INFO - Initializing core services...
2025-08-22 05:46:37,322 - __main__ - ERROR - Failed to initialize core services: WorkspaceManager.__init__() got an unexpected keyword argument 'workspace_path'
2025-08-22 05:46:37,323 - __main__ - ERROR - Failed to initialize core services
2025-08-22 05:46:42,516 - __main__ - INFO - FSM-Communication Integration Launcher initialized
2025-08-22 05:46:46,406 - __main__ - INFO - FSM-Communication Integration Launcher initialized
2025-08-22 05:46:46,410 - __main__ - INFO - Initializing core services...
2025-08-22 05:46:46,410 - __main__ - ERROR - Failed to initialize core services: WorkspaceManager.__init__() got an unexpected keyword argument 'workspace_path'
2025-08-22 05:46:46,410 - __main__ - ERROR - Failed to initialize core services
2025-08-22 05:47:11,774 - __main__ - INFO - FSM-Communication Integration Launcher initialized
2025-08-22 05:47:11,778 - __main__ - INFO - Initializing core services...
2025-08-22 05:47:11,807 - WorkspaceManager - INFO - Discovered 0 existing workspaces
2025-08-22 05:47:11,808 - InboxManager - INFO - Loaded 0 existing messages
2025-08-22 05:47:11,811 - __main__ - INFO - Initializing FSM system...
2025-08-22 05:47:11,812 - FSMCoreV2 - INFO - Loaded 0 FSM tasks
2025-08-22 05:47:11,816 - __main__ - INFO - Initializing communication system...
2025-08-22 05:47:11,817 - src.core.agent_communication - INFO - AgentCommunicationProtocol initialized
2025-08-22 05:47:11,820 - __main__ - INFO - Initializing integration bridge...
2025-08-22 05:47:11,821 - src.core.agent_communication - INFO - Agent FSM_Bridge (FSM-Communication Bridge) registered with capabilities: ['fsm_coordination', 'task_management', 'agent_orchestration']
2025-08-22 05:47:11,824 - src.core.fsm_communication_bridge - INFO - FSM-Communication Bridge connected successfully
2025-08-22 05:47:11,824 - src.core.fsm_communication_bridge - INFO - FSM-Communication Bridge initialized
2025-08-22 05:47:11,827 - __main__ - INFO - Starting system components...
2025-08-22 05:47:11,841 - __main__ - INFO - Creating sample FSM tasks...
2025-08-22 05:47:11,844 - __main__ - ERROR - No sample tasks created for demo
2025-08-22 05:47:17,079 - __main__ - INFO - FSM-Communication Integration Launcher initialized
2025-08-22 05:47:22,403 - __main__ - INFO - FSM-Communication Integration Launcher initialized
2025-08-22 05:47:22,407 - __main__ - INFO - Initializing core services...
2025-08-22 05:47:22,408 - WorkspaceManager - INFO - Discovered 0 existing workspaces
2025-08-22 05:47:22,409 - InboxManager - INFO - Loaded 0 existing messages
2025-08-22 05:47:22,412 - __main__ - INFO - Initializing FSM system...
2025-08-22 05:47:22,413 - FSMCoreV2 - INFO - Loaded 0 FSM tasks
2025-08-22 05:47:22,417 - __main__ - INFO - Initializing communication system...
2025-08-22 05:47:22,417 - src.core.agent_communication - INFO - AgentCommunicationProtocol initialized
2025-08-22 05:47:22,421 - __main__ - INFO - Initializing integration bridge...
2025-08-22 05:47:22,421 - src.core.agent_communication - INFO - Agent FSM_Bridge (FSM-Communication Bridge) registered with capabilities: ['fsm_coordination', 'task_management', 'agent_orchestration']
2025-08-22 05:47:22,422 - src.core.fsm_communication_bridge - INFO - FSM-Communication Bridge connected successfully
2025-08-22 05:47:22,422 - src.core.fsm_communication_bridge - INFO - FSM-Communication Bridge initialized
2025-08-22 05:47:22,426 - __main__ - INFO - Starting system components...
2025-08-22 05:48:16,571 - __main__ - INFO - FSM-Communication Integration Launcher initialized
2025-08-22 05:48:16,575 - __main__ - INFO - Initializing core services...
2025-08-22 05:48:16,575 - WorkspaceManager - INFO - Discovered 0 existing workspaces
2025-08-22 05:48:16,576 - InboxManager - INFO - Loaded 0 existing messages
2025-08-22 05:48:16,579 - __main__ - INFO - Initializing FSM system...
2025-08-22 05:48:16,580 - FSMCoreV2 - INFO - Loaded 0 FSM tasks
2025-08-22 05:48:16,584 - __main__ - INFO - Initializing communication system...
2025-08-22 05:48:16,584 - src.core.agent_communication - INFO - AgentCommunicationProtocol initialized
2025-08-22 05:48:16,587 - __main__ - INFO - Initializing integration bridge...
2025-08-22 05:48:16,588 - src.core.agent_communication - INFO - Agent FSM_Bridge (FSM-Communication Bridge) registered with capabilities: ['fsm_coordination', 'task_management', 'agent_orchestration']
2025-08-22 05:48:16,589 - src.core.fsm_communication_bridge - INFO - FSM-Communication Bridge connected successfully
2025-08-22 05:48:16,589 - src.core.fsm_communication_bridge - INFO - FSM-Communication Bridge initialized
2025-08-22 05:48:16,593 - __main__ - INFO - Starting system components...
2025-08-22 05:48:29,951 - src.core.fsm_communication_bridge - INFO - FSM-Communication Bridge shutdown complete
